1638293078015	geckodriver	INFO	Listening on 127.0.0.1:65462
1638293081048	mozrunner::runner	INFO	Running command: "C:\\Program Files\\Mozilla Firefox\\firefox.exe" "--marionette" "-no-remote" "-profile" "C:\\Users\\root\\AppData\\Local\\Temp\\rust_mozprofilexLx06p"
1638293081250	Marionette	INFO	Marionette enabled
console.warn: SearchSettings: "get: No settings file exists, new profile?" (new NotFoundError("Could not open the file at C:\\Users\\root\\AppData\\Local\\Temp\\rust_mozprofilexLx06p\\search.json.mozlz4", (void 0)))
1638293082601	Marionette	INFO	Listening on port 65470
console.warn: TopSitesFeed: Contile endpoint returned unexpected status: 403
1638293083091	RemoteAgent	WARN	TLS certificate errors will be ignored for this session
console.log: WebExtensions: reset-default-search: starting.
console.log: WebExtensions: reset-default-search: No addons in our list are installed.
1638293702112	Marionette	INFO	Stopped listening on port 65470
console.warn: TopSitesFeed: Failed to fetch data from Contile server: NetworkError when attempting to fetch resource.
earchSettings: "get: No settings file exists, new profile?" (new NotFoundError("Could not open the file at C:\\Users\\root\\AppData\\Local\\Temp\\rust_mozprofilehOZFdS\\search.json.mozlz4", (void 0)))
1638293087684	Marionette	INFO	Listening on port 65529
console.warn: TopSitesFeed: Contile endpoint returned unexpected status: 403
1638293088180	RemoteAgent	WARN	TLS certificate errors will be ignored for this session
console.log: WebExtensions: reset-default-search: starting.
console.log: WebExtensions: reset-default-search: No addons in our list are installed.
1638293705525	Marionette	INFO	Stopped listening on port 65529
console.warn: TopSitesFeed: Failed to fetch data from Contile server: NetworkError when attempting to fetch resource.
earchSettings: "get: No settings file exists, new profile?" (new NotFoundError("Could not open the file at C:\\Users\\root\\AppData\\Local\\Temp\\rust_mozprofileYInSt7\\search.json.mozlz4", (void 0)))
1638293092810	Marionette	INFO	Listening on port 49213
console.warn: TopSitesFeed: Contile endpoint returned unexpected status: 403
1638293093261	RemoteAgent	WARN	TLS certificate errors will be ignored for this session
console.warn: LoginRecipes: "getRecipes: falling back to a synchronous message for:" "https://www.linkedin.com"
console.warn: LoginRecipes: "getRecipes: falling back to a synchronous message for:" "https://www.linkedin.com"
console.log: WebExtensions: reset-default-search: starting.
console.log: WebExtensions: reset-default-search: No addons in our list are installed.
1638293632786	Marionette	INFO	Stopped listening on port 49213
console.warn: TopSitesFeed: Failed to fetch data from Contile server: NetworkError when attempting to fetch resource.
ed: Contile endpoint returned unexpected status: 403
1638293097849	Marionette	INFO	Listening on port 49278
1638293098341	RemoteAgent	WARN	TLS certificate errors will be ignored for this session
console.log: WebExtensions: reset-default-search: starting.
console.log: WebExtensions: reset-default-search: No addons in our list are installed.
1638293703519	Marionette	INFO	Stopped listening on port 49278
console.warn: TopSitesFeed: Failed to fetch data from Contile server: NetworkError when attempting to fetch resource.
earchSettings: "get: No settings file exists, new profile?" (new NotFoundError("Could not open the file at C:\\Users\\root\\AppData\\Local\\Temp\\rust_mozprofileE5P4pw\\search.json.mozlz4", (void 0)))
console.warn: TopSitesFeed: Contile endpoint returned unexpected status: 403
1638293103035	Marionette	INFO	Listening on port 49348
1638293103429	RemoteAgent	WARN	TLS certificate errors will be ignored for this session
console.log: WebExtensions: reset-default-search: starting.
console.log: WebExtensions: reset-default-search: No addons in our list are installed.
1638293703214	Marionette	INFO	Stopped listening on port 49348
console.warn: TopSitesFeed: Failed to fetch data from Contile server: NetworkError when attempting to fetch resource.
earchSettings: "get: No settings file exists, new profile?" (new NotFoundError("Could not open the file at C:\\Users\\root\\AppData\\Local\\Temp\\rust_mozprofileNpoPto\\search.json.mozlz4", (void 0)))
1638293108215	Marionette	INFO	Listening on port 49431
1638293108511	RemoteAgent	WARN	TLS certificate errors will be ignored for this session
console.log: WebExtensions: reset-default-search: starting.
console.log: WebExtensions: reset-default-search: No addons in our list are installed.
1638293702986	Marionette	INFO	Stopped listening on port 49431
console.warn: TopSitesFeed: Failed to fetch data from Contile server: NetworkError when attempting to fetch resource.
earchSettings: "get: No settings file exists, new profile?" (new NotFoundError("Could not open the file at C:\\Users\\root\\AppData\\Local\\Temp\\rust_mozprofile7aTHCw\\search.json.mozlz4", (void 0)))
1638293113092	Marionette	INFO	Listening on port 49491
1638293113594	RemoteAgent	WARN	TLS certificate errors will be ignored for this session
console.log: WebExtensions: reset-default-search: starting.
console.log: WebExtensions: reset-default-search: No addons in our list are installed.
1638293702677	Marionette	INFO	Stopped listening on port 49491
console.warn: TopSitesFeed: Failed to fetch data from Contile server: NetworkError when attempting to fetch resource.
earchSettings: "get: No settings file exists, new profile?" (new NotFoundError("Could not open the file at C:\\Users\\root\\AppData\\Local\\Temp\\rust_mozprofiledu5cZo\\search.json.mozlz4", (void 0)))
1638293118270	Marionette	INFO	Listening on port 49551
1638293118688	RemoteAgent	WARN	TLS certificate errors will be ignored for this session
console.log: WebExtensions: reset-default-search: starting.
console.log: WebExtensions: reset-default-search: No addons in our list are installed.
1638293702325	Marionette	INFO	Stopped listening on port 49551
console.warn: TopSitesFeed: Failed to fetch data from Contile server: NetworkError when attempting to fetch resource.

###!!! [Parent][RunMessage] Error: Channel closing: too late to send/recv, messages will be lost

onette	INFO	Marionette enabled
console.warn: SearchSettings: "get: No settings file exists, new profile?" (new NotFoundError("Could not open the file at C:\\Users\\root\\AppData\\Local\\Temp\\rust_mozprofilenhJWjw\\search.json.mozlz4", (void 0)))
console.warn: TopSitesFeed: Contile endpoint returned unexpected status: 403
1638293639744	Marionette	INFO	Listening on port 53453
1638293640219	RemoteAgent	WARN	TLS certificate errors will be ignored for this session
console.log: WebExtensions: reset-default-search: starting.
console.log: WebExtensions: reset-default-search: No addons in our list are installed.
1638309760889	Marionette	INFO	Stopped listening on port 53453
console.warn: TopSitesFeed: Failed to fetch data from Contile server: NetworkError when attempting to fetch resource.

###!!! [Parent][RunMessage] Error: Channel closing: too late to send/recv, messages will be lost

e at C:\\Users\\root\\AppData\\Local\\Temp\\rust_mozprofileowFdlY\\search.json.mozlz4", (void 0)))
console.warn: TopSitesFeed: Contile endpoint returned unexpected status: 403
1638293644890	Marionette	INFO	Listening on port 53521
1638293645318	RemoteAgent	WARN	TLS certificate errors will be ignored for this session
console.log: WebExtensions: reset-default-search: starting.
console.log: WebExtensions: reset-default-search: No addons in our list are installed.
1638309761822	Marionette	INFO	Stopped listening on port 53521
console.warn: TopSitesFeed: Failed to fetch data from Contile server: NetworkError when attempting to fetch resource.
earchSettings: "get: No settings file exists, new profile?" (new NotFoundError("Could not open the file at C:\\Users\\root\\AppData\\Local\\Temp\\rust_mozprofileuRy0zv\\search.json.mozlz4", (void 0)))
1638293649974	Marionette	INFO	Listening on port 53585
console.warn: TopSitesFeed: Contile endpoint returned unexpected status: 403
1638293650415	RemoteAgent	WARN	TLS certificate errors will be ignored for this session
console.log: WebExtensions: reset-default-search: starting.
console.log: WebExtensions: reset-default-search: No addons in our list are installed.
1638309762675	Marionette	INFO	Stopped listening on port 53585
console.warn: TopSitesFeed: Failed to fetch data from Contile server: NetworkError when attempting to fetch resource.
earchSettings: "get: No settings file exists, new profile?" (new NotFoundError("Could not open the file at C:\\Users\\root\\AppData\\Local\\Temp\\rust_mozprofileSHotUo\\search.json.mozlz4", (void 0)))
1638293654944	Marionette	INFO	Listening on port 53649
console.warn: TopSitesFeed: Contile endpoint returned unexpected status: 403
1638293654995	RemoteAgent	WARN	TLS certificate errors will be ignored for this session
console.log: WebExtensions: reset-default-search: starting.
console.log: WebExtensions: reset-default-search: No addons in our list are installed.
1638309763616	Marionette	INFO	Stopped listening on port 53649
console.warn: TopSitesFeed: Failed to fetch data from Contile server: NetworkError when attempting to fetch resource.
earchSettings: "get: No settings file exists, new profile?" (new NotFoundError("Could not open the file at C:\\Users\\root\\AppData\\Local\\Temp\\rust_mozprofilewcBRoK\\search.json.mozlz4", (void 0)))
1638293659745	Marionette	INFO	Listening on port 53707
console.warn: TopSitesFeed: Contile endpoint returned unexpected status: 403
1638293660066	RemoteAgent	WARN	TLS certificate errors will be ignored for this session
console.log: WebExtensions: reset-default-search: starting.
console.log: WebExtensions: reset-default-search: No addons in our list are installed.
1638309764534	Marionette	INFO	Stopped listening on port 53707
console.warn: TopSitesFeed: Failed to fetch data from Contile server: NetworkError when attempting to fetch resource.
earchSettings: "get: No settings file exists, new profile?" (new NotFoundError("Could not open the file at C:\\Users\\root\\AppData\\Local\\Temp\\rust_mozprofileFzwuiL\\search.json.mozlz4", (void 0)))
1638293664762	Marionette	INFO	Listening on port 53767
1638293665147	RemoteAgent	WARN	TLS certificate errors will be ignored for this session
console.log: WebExtensions: reset-default-search: starting.
console.log: WebExtensions: reset-default-search: No addons in our list are installed.
1638309765498	Marionette	INFO	Stopped listening on port 53767
console.warn: TopSitesFeed: Failed to fetch data from Contile server: NetworkError when attempting to fetch resource.
earchSettings: "get: No settings file exists, new profile?" (new NotFoundError("Could not open the file at C:\\Users\\root\\AppData\\Local\\Temp\\rust_mozprofileUCrPnQ\\search.json.mozlz4", (void 0)))
1638293669716	Marionette	INFO	Listening on port 53831
1638293669728	RemoteAgent	WARN	TLS certificate errors will be ignored for this session
1638293701537	Marionette	INFO	Stopped listening on port 53831
console.warn: TopSitesFeed: Failed to fetch data from Contile server: NetworkError when attempting to fetch resource.
o-remote" "-profile" "C:\\Users\\root\\AppData\\Local\\Temp\\rust_mozprofileO2autb"
1638293672989	Marionette	INFO	Marionette enabled
console.warn: SearchSettings: "get: No settings file exists, new profile?" (new NotFoundError("Could not open the file at C:\\Users\\root\\AppData\\Local\\Temp\\rust_mozprofileO2autb\\search.json.mozlz4", (void 0)))
1638293674296	Marionette	INFO	Listening on port 53889
1638293674322	RemoteAgent	WARN	TLS certificate errors will be ignored for this session
1638293701011	Marionette	INFO	Stopped listening on port 53889
console.warn: TopSitesFeed: Failed to fetch data from Contile server: NetworkError when attempting to fetch resource.

###!!! [Parent][RunMessage] Error: Channel closing: too late to send/recv, messages will be lost

1638293770536	geckodriver	INFO	Listening on 127.0.0.1:57492
1638293773573	mozrunner::runner	INFO	Running command: "C:\\Program Files\\Mozilla Firefox\\firefox.exe" "--marionette" "-no-remote" "-profile" "C:\\Users\\root\\AppData\\Local\\Temp\\rust_mozprofileZEkHXG"
1638293773774	Marionette	INFO	Marionette enabled
console.warn: SearchSettings: "get: No settings file exists, new profile?" (new NotFoundError("Could not open the file at C:\\Users\\root\\AppData\\Local\\Temp\\rust_mozprofileZEkHXG\\search.json.mozlz4", (void 0)))
console.warn: TopSitesFeed: Contile endpoint returned unexpected status: 403
1638293775156	Marionette	INFO	Listening on port 57500
1638293775604	RemoteAgent	WARN	TLS certificate errors will be ignored for this session
console.log: WebExtensions: reset-default-search: starting.
console.log: WebExtensions: reset-default-search: No addons in our list are installed.
1638294388716	Marionette	INFO	Stopped listening on port 57500
console.warn: TopSitesFeed: Failed to fetch data from Contile server: NetworkError when attempting to fetch resource.
1638294394155	geckodriver	INFO	Listening on 127.0.0.1:49735
1638294397197	mozrunner::runner	INFO	Running command: "C:\\Program Files\\Mozilla Firefox\\firefox.exe" "--marionette" "-no-remote" "-profile" "C:\\Users\\root\\AppData\\Local\\Temp\\rust_mozprofileVzJgBN"
1638294397411	Marionette	INFO	Marionette enabled
console.warn: SearchSettings: "get: No settings file exists, new profile?" (new NotFoundError("Could not open the file at C:\\Users\\root\\AppData\\Local\\Temp\\rust_mozprofileVzJgBN\\search.json.mozlz4", (void 0)))
console.warn: TopSitesFeed: Contile endpoint returned unexpected status: 403
1638294398864	Marionette	INFO	Listening on port 49744
1638294399229	RemoteAgent	WARN	TLS certificate errors will be ignored for this session
1638294433032	Marionette	INFO	Stopped listening on port 49744
console.warn: TopSitesFeed: Failed to fetch data from Contile server: NetworkError when attempting to fetch resource.

###!!! [Parent][RunMessage] Error: Channel closing: too late to send/recv, messages will be lost

1638294436780	geckodriver	INFO	Listening on 127.0.0.1:57015
1638294439821	mozrunner::runner	INFO	Running command: "C:\\Program Files\\Mozilla Firefox\\firefox.exe" "--marionette" "-no-remote" "-profile" "C:\\Users\\root\\AppData\\Local\\Temp\\rust_mozprofileVAA7cq"
1638294440024	Marionette	INFO	Marionette enabled
console.warn: SearchSettings: "get: No settings file exists, new profile?" (new NotFoundError("Could not open the file at C:\\Users\\root\\AppData\\Local\\Temp\\rust_mozprofileVAA7cq\\search.json.mozlz4", (void 0)))
1638294441368	Marionette	INFO	Listening on port 57028
console.warn: TopSitesFeed: Contile endpoint returned unexpected status: 403
1638294441853	RemoteAgent	WARN	TLS certificate errors will be ignored for this session
1638294781293	Marionette	INFO	Stopped listening on port 57028
console.warn: TopSitesFeed: Failed to fetch data from Contile server: NetworkError when attempting to fetch resource.
1638294790146	geckodriver	INFO	Listening on 127.0.0.1:62383
1638294793188	mozrunner::runner	INFO	Running command: "C:\\Program Files\\Mozilla Firefox\\firefox.exe" "--marionette" "-no-remote" "-profile" "C:\\Users\\root\\AppData\\Local\\Temp\\rust_mozprofileVm8d6I"
1638294793390	Marionette	INFO	Marionette enabled
console.warn: SearchSettings: "get: No settings file exists, new profile?" (new NotFoundError("Could not open the file at C:\\Users\\root\\AppData\\Local\\Temp\\rust_mozprofileVm8d6I\\search.json.mozlz4", (void 0)))
1638294794578	Marionette	INFO	Listening on port 62392
console.warn: TopSitesFeed: Contile endpoint returned unexpected status: 403
1638294794718	RemoteAgent	WARN	TLS certificate errors will be ignored for this session
1638294867390	Marionette	INFO	Stopped listening on port 62392
console.warn: TopSitesFeed: Failed to fetch data from Contile server: NetworkError when attempting to fetch resource.
JavaScript error: chrome://remote/content/marionette/cert.js, line 55: NS_ERROR_NOT_AVAILABLE: Component returned failure code: 0x80040111 (NS_ERROR_NOT_AVAILABLE) [nsICertOverrideService.setDisableAllSecurityChecksAndLetAttackersInterceptMyData]
1638294877264	geckodriver	INFO	Listening on 127.0.0.1:62489
1638294880305	mozrunner::runner	INFO	Running command: "C:\\Program Files\\Mozilla Firefox\\firefox.exe" "--marionette" "-no-remote" "-profile" "C:\\Users\\root\\AppData\\Local\\Temp\\rust_mozprofile8QYdN0"
1638294880506	Marionette	INFO	Marionette enabled
console.warn: SearchSettings: "get: No settings file exists, new profile?" (new NotFoundError("Could not open the file at C:\\Users\\root\\AppData\\Local\\Temp\\rust_mozprofile8QYdN0\\search.json.mozlz4", (void 0)))
1638294881869	Marionette	INFO	Listening on port 63815
console.warn: TopSitesFeed: Contile endpoint returned unexpected status: 403
1638294882342	RemoteAgent	WARN	TLS certificate errors will be ignored for this session
console.warn: LoginRecipes: "getRecipes: falling back to a synchronous message for:" "https://www.linkedin.com"
console.log: WebExtensions: reset-default-search: starting.
console.log: WebExtensions: reset-default-search: No addons in our list are installed.
1638295735573	Marionette	INFO	Stopped listening on port 63815
console.warn: TopSitesFeed: Failed to fetch data from Contile server: NetworkError when attempting to fetch resource.

###!!! [Parent][RunMessage] Error: Channel closing: too late to send/recv, messages will be lost

onette	INFO	Marionette enabled
console.warn: SearchSettings: "get: No settings file exists, new profile?" (new NotFoundError("Could not open the file at C:\\Users\\root\\AppData\\Local\\Temp\\rust_mozprofiletDZTM2\\search.json.mozlz4", (void 0)))
console.warn: TopSitesFeed: Contile endpoint returned unexpected status: 403
1638295432700	Marionette	INFO	Listening on port 63211
1638295433048	RemoteAgent	WARN	TLS certificate errors will be ignored for this session
console.warn: LoginRecipes: "getRecipes: falling back to a synchronous message for:" "https://www.linkedin.com"
1638295662656	Marionette	INFO	Stopped listening on port 63211
console.warn: TopSitesFeed: Failed to fetch data from Contile server: NetworkError when attempting to fetch resource.
JavaScript error: chrome://remote/content/marionette/cert.js, line 55: NS_ERROR_NOT_AVAILABLE: Component returned failure code: 0x80040111 (NS_ERROR_NOT_AVAILABLE) [nsICertOverrideService.setDisableAllSecurityChecksAndLetAttackersInterceptMyData]
1638295675523	geckodriver	INFO	Listening on 127.0.0.1:54242
1638295678560	mozrunner::runner	INFO	Running command: "C:\\Program Files\\Mozilla Firefox\\firefox.exe" "--marionette" "-no-remote" "-profile" "C:\\Users\\root\\AppData\\Local\\Temp\\rust_mozprofileH4yHaQ"
1638295678761	Marionette	INFO	Marionette enabled
console.warn: SearchSettings: "get: No settings file exists, new profile?" (new NotFoundError("Could not open the file at C:\\Users\\root\\AppData\\Local\\Temp\\rust_mozprofileH4yHaQ\\search.json.mozlz4", (void 0)))
1638295680026	Marionette	INFO	Listening on port 54250
console.warn: TopSitesFeed: Contile endpoint returned unexpected status: 403
1638295680087	RemoteAgent	WARN	TLS certificate errors will be ignored for this session
1638295729715	Marionette	INFO	Stopped listening on port 54250
console.warn: TopSitesFeed: Failed to fetch data from Contile server: NetworkError when attempting to fetch resource.
JavaScript error: chrome://remote/content/marionette/cert.js, line 55: NS_ERROR_NOT_AVAILABLE: Component returned failure code: 0x80040111 (NS_ERROR_NOT_AVAILABLE) [nsICertOverrideService.setDisableAllSecurityChecksAndLetAttackersInterceptMyData]

###!!! [Child][RunMessage] Error: Channel closing: too late to send/recv, messages will be lost


###!!! [Child][RunMessage] Error: Channel closing: too late to send/recv, messages will be lost


###!!! [Child][RunMessage] Error: Channel closing: too late to send/recv, messages will be lost


###!!! [Child][RunMessage] Error: Channel closing: too late to send/recv, messages will be lost


###!!! [Child][RunMessage] Error: Channel closing: too late to send/recv, messages will be lost


###!!! [Parent][RunMessage] Error: Channel closing: too late to send/recv, messages will be lost

1638295751067	geckodriver	INFO	Listening on 127.0.0.1:54346
1638295754114	mozrunner::runner	INFO	Running command: "C:\\Program Files\\Mozilla Firefox\\firefox.exe" "--marionette" "-no-remote" "-profile" "C:\\Users\\root\\AppData\\Local\\Temp\\rust_mozprofileHDR9Lb"
1638295754317	Marionette	INFO	Marionette enabled
console.warn: SearchSettings: "get: No settings file exists, new profile?" (new NotFoundError("Could not open the file at C:\\Users\\root\\AppData\\Local\\Temp\\rust_mozprofileHDR9Lb\\search.json.mozlz4", (void 0)))
console.warn: TopSitesFeed: Contile endpoint returned unexpected status: 403
1638295755737	Marionette	INFO	Listening on port 54354
1638295756153	RemoteAgent	WARN	TLS certificate errors will be ignored for this session
JavaScript warning: https://static-exp1.licdn.com/sc/h/d614pl7b9aee08f7s1pv8y3ed, line 6355: unreachable code after return statement
JavaScript warning: https://static-exp1.licdn.com/sc/h/b696dqdgwxmi4l1dv4d08ymbv, line 39: unreachable code after return statement
JavaScript warning: https://static-exp1.licdn.com/sc/h/b696dqdgwxmi4l1dv4d08ymbv, line 39: unreachable code after return statement
JavaScript warning: https://static-exp1.licdn.com/sc/h/6po5kyerczpng5q0c7eo3j7d9, line 6: unreachable code after return statement
JavaScript warning: https://static-exp1.licdn.com/sc/h/4meqljc5yd3706gnh7wh3swwo, line 6: unreachable code after return statement
JavaScript warning: https://static-exp1.licdn.com/sc/h/8gfjeprcifjz8fgjqcgi2h22n, line 6: unreachable code after return statement
JavaScript warning: https://static-exp1.licdn.com/sc/h/sefob6rdzawrfq3z7hldh4ub, line 6: unreachable code after return statement
JavaScript warning: https://static-exp1.licdn.com/sc/h/87is5su8127zi40esx96jyvle, line 6: unreachable code after return statement
JavaScript warning: https://static-exp1.licdn.com/sc/h/9glzfkltml7f3dbdzek5pisz5, line 6: unreachable code after return statement
JavaScript warning: https://static-exp1.licdn.com/sc/h/3hzr1dfdbnam71dg7fc9l37ix, line 6: unreachable code after return statement
JavaScript warning: https://static-exp1.licdn.com/sc/h/d614pl7b9aee08f7s1pv8y3ed, line 6355: unreachable code after return statement
JavaScript warning: https://static-exp1.licdn.com/sc/h/b696dqdgwxmi4l1dv4d08ymbv, line 39: unreachable code after return statement
JavaScript warning: https://static-exp1.licdn.com/sc/h/b696dqdgwxmi4l1dv4d08ymbv, line 39: unreachable code after return statement
JavaScript warning: https://static-exp1.licdn.com/sc/h/87is5su8127zi40esx96jyvle, line 6: unreachable code after return statement
JavaScript warning: https://static-exp1.licdn.com/sc/h/4meqljc5yd3706gnh7wh3swwo, line 6: unreachable code after return statement
JavaScript warning: https://static-exp1.licdn.com/sc/h/8gfjeprcifjz8fgjqcgi2h22n, line 6: unreachable code after return statement
JavaScript warning: https://static-exp1.licdn.com/sc/h/9glzfkltml7f3dbdzek5pisz5, line 6: unreachable code after return statement
JavaScript warning: https://static-exp1.licdn.com/sc/h/8gfjeprcifjz8fgjqcgi2h22n, line 6: unreachable code after return statement
JavaScript warning: https://static-exp1.licdn.com/sc/h/4meqljc5yd3706gnh7wh3swwo, line 6: unreachable code after return statement
JavaScript error: resource://devtools/server/actors/network-monitor/network-event-actor.js, line 110: Error: Got a request https://static-exp1.licdn.com/sc/h/dm15d9noplld9lzbmi8alykex without a browsingContextID set
JavaScript error: resource://devtools/server/actors/network-monitor/network-event-actor.js, line 110: Error: Got a request https://static-exp1.licdn.com/sc/h/8w4kpx7r8bsn6s7jor1u07lu0 without a browsingContextID set
JavaScript error: resource://devtools/server/actors/network-monitor/network-event-actor.js, line 110: Error: Got a request https://static-exp1.licdn.com/sc/h/ea3veem29aea2vulkggtkk7qf without a browsingContextID set
JavaScript error: resource://devtools/server/actors/network-monitor/network-event-actor.js, line 110: Error: Got a request https://static-exp1.licdn.com/sc/h/ea3veem29aea2vulkggtkk7qf without a browsingContextID set
console.log: WebExtensions: reset-default-search: starting.
console.log: WebExtensions: reset-default-search: No addons in our list are installed.
1638305593049	Marionette	INFO	Stopped listening on port 54354
console.warn: TopSitesFeed: Failed to fetch data from Contile server: NetworkError when attempting to fetch resource.
JavaScript error: chrome://remote/content/marionette/cert.js, line 55: NS_ERROR_NOT_AVAILABLE: Component returned failure code: 0x80040111 (NS_ERROR_NOT_AVAILABLE) [nsICertOverrideService.setDisableAllSecurityChecksAndLetAttackersInterceptMyData]

###!!! [Parent][RunMessage] Error: Channel closing: too late to send/recv, messages will be lost

1638305606947	geckodriver	INFO	Listening on 127.0.0.1:52859
1638305609983	mozrunner::runner	INFO	Running command: "C:\\Program Files\\Mozilla Firefox\\firefox.exe" "--marionette" "-no-remote" "-profile" "C:\\Users\\root\\AppData\\Local\\Temp\\rust_mozprofilexGaLpc"
1638305610191	Marionette	INFO	Marionette enabled
console.warn: SearchSettings: "get: No settings file exists, new profile?" (new NotFoundError("Could not open the file at C:\\Users\\root\\AppData\\Local\\Temp\\rust_mozprofilexGaLpc\\search.json.mozlz4", (void 0)))
console.warn: TopSitesFeed: Contile endpoint returned unexpected status: 403
1638305611582	Marionette	INFO	Listening on port 52867
1638305612023	RemoteAgent	WARN	TLS certificate errors will be ignored for this session
JavaScript error: https://static-exp1.licdn.com/sc/h/5sf66o4hccta1hkfokgtt68ob, line 2: Error: GoogleOneTapError display: unknown_reason
JavaScript warning: https://static-exp1.licdn.com/sc/h/20oldnhklhzz1f88661e0volz, line 88: WEBGL_debug_renderer_info is deprecated in Firefox and will be removed. Please use RENDERER.
1638305617513	Marionette	INFO	Stopped listening on port 52867
console.warn: TopSitesFeed: Failed to fetch data from Contile server: NetworkError when attempting to fetch resource.

###!!! [Parent][RunMessage] Error: Channel closing: too late to send/recv, messages will be lost

1638305628515	geckodriver	INFO	Listening on 127.0.0.1:52962
1638305631569	mozrunner::runner	INFO	Running command: "C:\\Program Files\\Mozilla Firefox\\firefox.exe" "--marionette" "-no-remote" "-profile" "C:\\Users\\root\\AppData\\Local\\Temp\\rust_mozprofile1Da74N"
1638305631775	Marionette	INFO	Marionette enabled
console.warn: SearchSettings: "get: No settings file exists, new profile?" (new NotFoundError("Could not open the file at C:\\Users\\root\\AppData\\Local\\Temp\\rust_mozprofile1Da74N\\search.json.mozlz4", (void 0)))
console.warn: TopSitesFeed: Contile endpoint returned unexpected status: 403
1638305633078	Marionette	INFO	Listening on port 52970
1638305633102	RemoteAgent	WARN	TLS certificate errors will be ignored for this session
JavaScript error: https://static-exp1.licdn.com/sc/h/5sf66o4hccta1hkfokgtt68ob, line 2: Error: GoogleOneTapError display: unknown_reason
JavaScript warning: https://static-exp1.licdn.com/sc/h/20oldnhklhzz1f88661e0volz, line 88: WEBGL_debug_renderer_info is deprecated in Firefox and will be removed. Please use RENDERER.
JavaScript warning: https://static-exp1.licdn.com/sc/h/d614pl7b9aee08f7s1pv8y3ed, line 6355: unreachable code after return statement
JavaScript warning: https://static-exp1.licdn.com/sc/h/b696dqdgwxmi4l1dv4d08ymbv, line 39: unreachable code after return statement
JavaScript warning: https://static-exp1.licdn.com/sc/h/b696dqdgwxmi4l1dv4d08ymbv, line 39: unreachable code after return statement
JavaScript warning: https://static-exp1.licdn.com/sc/h/6po5kyerczpng5q0c7eo3j7d9, line 6: unreachable code after return statement
JavaScript warning: https://static-exp1.licdn.com/sc/h/4meqljc5yd3706gnh7wh3swwo, line 6: unreachable code after return statement
JavaScript warning: https://static-exp1.licdn.com/sc/h/8gfjeprcifjz8fgjqcgi2h22n, line 6: unreachable code after return statement
JavaScript warning: https://static-exp1.licdn.com/sc/h/sefob6rdzawrfq3z7hldh4ub, line 6: unreachable code after return statement
JavaScript warning: https://static-exp1.licdn.com/sc/h/87is5su8127zi40esx96jyvle, line 6: unreachable code after return statement
JavaScript error: , line 0: uncaught exception: Object
JavaScript error: , line 0: uncaught exception: Object
JavaScript warning: https://static-exp1.licdn.com/sc/h/d614pl7b9aee08f7s1pv8y3ed, line 6355: unreachable code after return statement
JavaScript warning: https://static-exp1.licdn.com/sc/h/b696dqdgwxmi4l1dv4d08ymbv, line 39: unreachable code after return statement
JavaScript warning: https://static-exp1.licdn.com/sc/h/b696dqdgwxmi4l1dv4d08ymbv, line 39: unreachable code after return statement
JavaScript warning: https://static-exp1.licdn.com/sc/h/87is5su8127zi40esx96jyvle, line 6: unreachable code after return statement
JavaScript warning: https://static-exp1.licdn.com/sc/h/4meqljc5yd3706gnh7wh3swwo, line 6: unreachable code after return statement
JavaScript warning: https://static-exp1.licdn.com/sc/h/8gfjeprcifjz8fgjqcgi2h22n, line 6: unreachable code after return statement
JavaScript warning: https://static-exp1.licdn.com/sc/h/9glzfkltml7f3dbdzek5pisz5, line 6: unreachable code after return statement
1638305858179	Marionette	INFO	Stopped listening on port 52970
console.warn: TopSitesFeed: Failed to fetch data from Contile server: NetworkError when attempting to fetch resource.
JavaScript error: chrome://remote/content/marionette/cert.js, line 55: NS_ERROR_NOT_AVAILABLE: Component returned failure code: 0x80040111 (NS_ERROR_NOT_AVAILABLE) [nsICertOverrideService.setDisableAllSecurityChecksAndLetAttackersInterceptMyData]
1638305863998	geckodriver	INFO	Listening on 127.0.0.1:52768
1638305867018	mozrunner::runner	INFO	Running command: "C:\\Program Files\\Mozilla Firefox\\firefox.exe" "--marionette" "-no-remote" "-profile" "C:\\Users\\root\\AppData\\Local\\Temp\\rust_mozprofileknAiMd"
1638305867224	Marionette	INFO	Marionette enabled
console.warn: SearchSettings: "get: No settings file exists, new profile?" (new NotFoundError("Could not open the file at C:\\Users\\root\\AppData\\Local\\Temp\\rust_mozprofileknAiMd\\search.json.mozlz4", (void 0)))
1638305868583	Marionette	INFO	Listening on port 52777
console.warn: TopSitesFeed: Contile endpoint returned unexpected status: 403
1638305869056	RemoteAgent	WARN	TLS certificate errors will be ignored for this session
JavaScript warning: https://static-exp1.licdn.com/sc/h/d614pl7b9aee08f7s1pv8y3ed, line 6355: unreachable code after return statement
JavaScript warning: https://static-exp1.licdn.com/sc/h/b696dqdgwxmi4l1dv4d08ymbv, line 39: unreachable code after return statement
JavaScript warning: https://static-exp1.licdn.com/sc/h/b696dqdgwxmi4l1dv4d08ymbv, line 39: unreachable code after return statement
JavaScript warning: https://static-exp1.licdn.com/sc/h/6po5kyerczpng5q0c7eo3j7d9, line 6: unreachable code after return statement
JavaScript warning: https://static-exp1.licdn.com/sc/h/4meqljc5yd3706gnh7wh3swwo, line 6: unreachable code after return statement
JavaScript warning: https://static-exp1.licdn.com/sc/h/8gfjeprcifjz8fgjqcgi2h22n, line 6: unreachable code after return statement
[Child 11600, MediaDecoderStateMachine #1] WARNING: 1e54bb45120 Could not set cubeb stream name.: file /builds/worker/checkouts/gecko/dom/media/AudioStream.cpp:367
JavaScript warning: https://static-exp1.licdn.com/sc/h/sefob6rdzawrfq3z7hldh4ub, line 6: unreachable code after return statement
JavaScript warning: https://static-exp1.licdn.com/sc/h/87is5su8127zi40esx96jyvle, line 6: unreachable code after return statement
JavaScript error: , line 0: uncaught exception: Object
JavaScript warning: https://static-exp1.licdn.com/sc/h/d614pl7b9aee08f7s1pv8y3ed, line 6355: unreachable code after return statement
JavaScript warning: https://static-exp1.licdn.com/sc/h/b696dqdgwxmi4l1dv4d08ymbv, line 39: unreachable code after return statement
JavaScript warning: https://static-exp1.licdn.com/sc/h/b696dqdgwxmi4l1dv4d08ymbv, line 39: unreachable code after return statement
JavaScript warning: https://static-exp1.licdn.com/sc/h/87is5su8127zi40esx96jyvle, line 6: unreachable code after return statement
JavaScript warning: https://static-exp1.licdn.com/sc/h/4meqljc5yd3706gnh7wh3swwo, line 6: unreachable code after return statement
JavaScript warning: https://static-exp1.licdn.com/sc/h/8gfjeprcifjz8fgjqcgi2h22n, line 6: unreachable code after return statement
JavaScript warning: https://static-exp1.licdn.com/sc/h/9glzfkltml7f3dbdzek5pisz5, line 6: unreachable code after return statement
1638306031427	Marionette	INFO	Stopped listening on port 52777
console.warn: TopSitesFeed: Failed to fetch data from Contile server: NetworkError when attempting to fetch resource.
JavaScript error: chrome://remote/content/marionette/cert.js, line 55: NS_ERROR_NOT_AVAILABLE: Component returned failure code: 0x80040111 (NS_ERROR_NOT_AVAILABLE) [nsICertOverrideService.setDisableAllSecurityChecksAndLetAttackersInterceptMyData]

###!!! [Parent][RunMessage] Error: Channel closing: too late to send/recv, messages will be lost

1638306041124	geckodriver	INFO	Listening on 127.0.0.1:52912
1638306044155	mozrunner::runner	INFO	Running command: "C:\\Program Files\\Mozilla Firefox\\firefox.exe" "--marionette" "-no-remote" "-profile" "C:\\Users\\root\\AppData\\Local\\Temp\\rust_mozprofileFI1EXj"
1638306044363	Marionette	INFO	Marionette enabled
console.warn: SearchSettings: "get: No settings file exists, new profile?" (new NotFoundError("Could not open the file at C:\\Users\\root\\AppData\\Local\\Temp\\rust_mozprofileFI1EXj\\search.json.mozlz4", (void 0)))
1638306045753	Marionette	INFO	Listening on port 52921
console.warn: TopSitesFeed: Contile endpoint returned unexpected status: 403
1638306046192	RemoteAgent	WARN	TLS certificate errors will be ignored for this session
JavaScript warning: https://static-exp1.licdn.com/sc/h/d614pl7b9aee08f7s1pv8y3ed, line 6355: unreachable code after return statement
JavaScript warning: https://static-exp1.licdn.com/sc/h/b696dqdgwxmi4l1dv4d08ymbv, line 39: unreachable code after return statement
JavaScript warning: https://static-exp1.licdn.com/sc/h/b696dqdgwxmi4l1dv4d08ymbv, line 39: unreachable code after return statement
JavaScript warning: https://static-exp1.licdn.com/sc/h/6po5kyerczpng5q0c7eo3j7d9, line 6: unreachable code after return statement
JavaScript warning: https://static-exp1.licdn.com/sc/h/4meqljc5yd3706gnh7wh3swwo, line 6: unreachable code after return statement
JavaScript warning: https://static-exp1.licdn.com/sc/h/8gfjeprcifjz8fgjqcgi2h22n, line 6: unreachable code after return statement
JavaScript warning: https://static-exp1.licdn.com/sc/h/sefob6rdzawrfq3z7hldh4ub, line 6: unreachable code after return statement
JavaScript warning: https://static-exp1.licdn.com/sc/h/87is5su8127zi40esx96jyvle, line 6: unreachable code after return statement
JavaScript warning: https://static-exp1.licdn.com/sc/h/d614pl7b9aee08f7s1pv8y3ed, line 6355: unreachable code after return statement
JavaScript warning: https://static-exp1.licdn.com/sc/h/b696dqdgwxmi4l1dv4d08ymbv, line 39: unreachable code after return statement
JavaScript warning: https://static-exp1.licdn.com/sc/h/b696dqdgwxmi4l1dv4d08ymbv, line 39: unreachable code after return statement
JavaScript warning: https://static-exp1.licdn.com/sc/h/87is5su8127zi40esx96jyvle, line 6: unreachable code after return statement
JavaScript warning: https://static-exp1.licdn.com/sc/h/4meqljc5yd3706gnh7wh3swwo, line 6: unreachable code after return statement
JavaScript warning: https://static-exp1.licdn.com/sc/h/8gfjeprcifjz8fgjqcgi2h22n, line 6: unreachable code after return statement
JavaScript warning: https://static-exp1.licdn.com/sc/h/9glzfkltml7f3dbdzek5pisz5, line 6: unreachable code after return statement
console.log: WebExtensions: reset-default-search: starting.
console.log: WebExtensions: reset-default-search: No addons in our list are installed.
1638309489546	Marionette	INFO	Stopped listening on port 52921
console.warn: TopSitesFeed: Failed to fetch data from Contile server: NetworkError when attempting to fetch resource.
o-remote" "-profile" "C:\\Users\\root\\AppData\\Local\\Temp\\rust_mozprofileP4PrcW"
1638307111843	Marionette	INFO	Marionette enabled
console.warn: SearchSettings: "get: No settings file exists, new profile?" (new NotFoundError("Could not open the file at C:\\Users\\root\\AppData\\Local\\Temp\\rust_mozprofileP4PrcW\\search.json.mozlz4", (void 0)))
1638307113223	Marionette	INFO	Listening on port 49469
console.warn: TopSitesFeed: Contile endpoint returned unexpected status: 403
1638307113665	RemoteAgent	WARN	TLS certificate errors will be ignored for this session
JavaScript warning: https://static-exp1.licdn.com/sc/h/d614pl7b9aee08f7s1pv8y3ed, line 6355: unreachable code after return statement
JavaScript warning: https://static-exp1.licdn.com/sc/h/b696dqdgwxmi4l1dv4d08ymbv, line 39: unreachable code after return statement
JavaScript warning: https://static-exp1.licdn.com/sc/h/b696dqdgwxmi4l1dv4d08ymbv, line 39: unreachable code after return statement
JavaScript warning: https://static-exp1.licdn.com/sc/h/6po5kyerczpng5q0c7eo3j7d9, line 6: unreachable code after return statement
JavaScript warning: https://static-exp1.licdn.com/sc/h/4meqljc5yd3706gnh7wh3swwo, line 6: unreachable code after return statement
JavaScript warning: https://static-exp1.licdn.com/sc/h/8gfjeprcifjz8fgjqcgi2h22n, line 6: unreachable code after return statement
JavaScript warning: https://static-exp1.licdn.com/sc/h/sefob6rdzawrfq3z7hldh4ub, line 6: unreachable code after return statement
JavaScript warning: https://static-exp1.licdn.com/sc/h/87is5su8127zi40esx96jyvle, line 6: unreachable code after return statement
JavaScript warning: https://static-exp1.licdn.com/sc/h/d614pl7b9aee08f7s1pv8y3ed, line 6355: unreachable code after return statement
JavaScript warning: https://static-exp1.licdn.com/sc/h/b696dqdgwxmi4l1dv4d08ymbv, line 39: unreachable code after return statement
JavaScript warning: https://static-exp1.licdn.com/sc/h/b696dqdgwxmi4l1dv4d08ymbv, line 39: unreachable code after return statement
JavaScript warning: https://static-exp1.licdn.com/sc/h/87is5su8127zi40esx96jyvle, line 6: unreachable code after return statement
JavaScript warning: https://static-exp1.licdn.com/sc/h/4meqljc5yd3706gnh7wh3swwo, line 6: unreachable code after return statement
JavaScript warning: https://static-exp1.licdn.com/sc/h/8gfjeprcifjz8fgjqcgi2h22n, line 6: unreachable code after return statement
JavaScript warning: https://static-exp1.licdn.com/sc/h/9glzfkltml7f3dbdzek5pisz5, line 6: unreachable code after return statement
console.log: WebExtensions: reset-default-search: starting.
console.log: WebExtensions: reset-default-search: No addons in our list are installed.
1638309491172	Marionette	INFO	Stopped listening on port 49469
console.warn: TopSitesFeed: Failed to fetch data from Contile server: NetworkError when attempting to fetch resource.

###!!! [Parent][RunMessage] Error: Channel closing: too late to send/recv, messages will be lost

1638309499343	geckodriver	INFO	Listening on 127.0.0.1:55440
1638309502397	mozrunner::runner	INFO	Running command: "C:\\Program Files\\Mozilla Firefox\\firefox.exe" "--marionette" "-no-remote" "-profile" "C:\\Users\\root\\AppData\\Local\\Temp\\rust_mozprofileW77xhQ"
1638309502603	Marionette	INFO	Marionette enabled
console.warn: SearchSettings: "get: No settings file exists, new profile?" (new NotFoundError("Could not open the file at C:\\Users\\root\\AppData\\Local\\Temp\\rust_mozprofileW77xhQ\\search.json.mozlz4", (void 0)))
1638309503831	Marionette	INFO	Listening on port 55448
console.warn: TopSitesFeed: Contile endpoint returned unexpected status: 403
1638309503936	RemoteAgent	WARN	TLS certificate errors will be ignored for this session
JavaScript warning: https://static-exp1.licdn.com/sc/h/d614pl7b9aee08f7s1pv8y3ed, line 6355: unreachable code after return statement
JavaScript warning: https://static-exp1.licdn.com/sc/h/b696dqdgwxmi4l1dv4d08ymbv, line 39: unreachable code after return statement
JavaScript warning: https://static-exp1.licdn.com/sc/h/b696dqdgwxmi4l1dv4d08ymbv, line 39: unreachable code after return statement
JavaScript warning: https://static-exp1.licdn.com/sc/h/6po5kyerczpng5q0c7eo3j7d9, line 6: unreachable code after return statement
JavaScript warning: https://static-exp1.licdn.com/sc/h/4meqljc5yd3706gnh7wh3swwo, line 6: unreachable code after return statement
JavaScript warning: https://static-exp1.licdn.com/sc/h/8gfjeprcifjz8fgjqcgi2h22n, line 6: unreachable code after return statement
JavaScript warning: https://static-exp1.licdn.com/sc/h/sefob6rdzawrfq3z7hldh4ub, line 6: unreachable code after return statement
JavaScript warning: https://static-exp1.licdn.com/sc/h/87is5su8127zi40esx96jyvle, line 6: unreachable code after return statement
JavaScript warning: https://static-exp1.licdn.com/sc/h/d614pl7b9aee08f7s1pv8y3ed, line 6355: unreachable code after return statement
JavaScript warning: https://static-exp1.licdn.com/sc/h/b696dqdgwxmi4l1dv4d08ymbv, line 39: unreachable code after return statement
JavaScript warning: https://static-exp1.licdn.com/sc/h/b696dqdgwxmi4l1dv4d08ymbv, line 39: unreachable code after return statement
JavaScript warning: https://static-exp1.licdn.com/sc/h/87is5su8127zi40esx96jyvle, line 6: unreachable code after return statement
JavaScript warning: https://static-exp1.licdn.com/sc/h/4meqljc5yd3706gnh7wh3swwo, line 6: unreachable code after return statement
JavaScript warning: https://static-exp1.licdn.com/sc/h/8gfjeprcifjz8fgjqcgi2h22n, line 6: unreachable code after return statement
JavaScript warning: https://static-exp1.licdn.com/sc/h/9glzfkltml7f3dbdzek5pisz5, line 6: unreachable code after return statement
console.log: WebExtensions: reset-default-search: starting.
console.log: WebExtensions: reset-default-search: No addons in our list are installed.
1638310331160	Marionette	INFO	Stopped listening on port 55448
console.warn: TopSitesFeed: Failed to fetch data from Contile server: NetworkError when attempting to fetch resource.

###!!! [Parent][RunMessage] Error: Channel closing: too late to send/recv, messages will be lost

e at C:\\Users\\root\\AppData\\Local\\Temp\\rust_mozprofilenQ7hjs\\search.json.mozlz4", (void 0)))
1638309808255	Marionette	INFO	Listening on port 55611
console.warn: TopSitesFeed: Contile endpoint returned unexpected status: 403
1638309808368	RemoteAgent	WARN	TLS certificate errors will be ignored for this session
JavaScript warning: https://static-exp1.licdn.com/sc/h/d614pl7b9aee08f7s1pv8y3ed, line 6355: unreachable code after return statement
JavaScript warning: https://static-exp1.licdn.com/sc/h/b696dqdgwxmi4l1dv4d08ymbv, line 39: unreachable code after return statement
JavaScript warning: https://static-exp1.licdn.com/sc/h/b696dqdgwxmi4l1dv4d08ymbv, line 39: unreachable code after return statement
JavaScript warning: https://static-exp1.licdn.com/sc/h/6po5kyerczpng5q0c7eo3j7d9, line 6: unreachable code after return statement
JavaScript warning: https://static-exp1.licdn.com/sc/h/4meqljc5yd3706gnh7wh3swwo, line 6: unreachable code after return statement
JavaScript warning: https://static-exp1.licdn.com/sc/h/8gfjeprcifjz8fgjqcgi2h22n, line 6: unreachable code after return statement
[Child 31284, MediaDecoderStateMachine #1] WARNING: 138b8cb99e0 Could not set cubeb stream name.: file /builds/worker/checkouts/gecko/dom/media/AudioStream.cpp:367
JavaScript warning: https://static-exp1.licdn.com/sc/h/sefob6rdzawrfq3z7hldh4ub, line 6: unreachable code after return statement
JavaScript warning: https://static-exp1.licdn.com/sc/h/87is5su8127zi40esx96jyvle, line 6: unreachable code after return statement
JavaScript warning: https://static-exp1.licdn.com/sc/h/d614pl7b9aee08f7s1pv8y3ed, line 6355: unreachable code after return statement
JavaScript warning: https://static-exp1.licdn.com/sc/h/b696dqdgwxmi4l1dv4d08ymbv, line 39: unreachable code after return statement
JavaScript warning: https://static-exp1.licdn.com/sc/h/b696dqdgwxmi4l1dv4d08ymbv, line 39: unreachable code after return statement
JavaScript warning: https://static-exp1.licdn.com/sc/h/87is5su8127zi40esx96jyvle, line 6: unreachable code after return statement
JavaScript warning: https://static-exp1.licdn.com/sc/h/4meqljc5yd3706gnh7wh3swwo, line 6: unreachable code after return statement
JavaScript warning: https://static-exp1.licdn.com/sc/h/8gfjeprcifjz8fgjqcgi2h22n, line 6: unreachable code after return statement
JavaScript warning: https://static-exp1.licdn.com/sc/h/9glzfkltml7f3dbdzek5pisz5, line 6: unreachable code after return statement
1638310081259	Marionette	INFO	Stopped listening on port 55611
console.warn: TopSitesFeed: Failed to fetch data from Contile server: NetworkError when attempting to fetch resource.

###!!! [Parent][RunMessage] Error: Channel closing: too late to send/recv, messages will be lost

1638310094763	geckodriver	INFO	Listening on 127.0.0.1:64268
1638310097806	mozrunner::runner	INFO	Running command: "C:\\Program Files\\Mozilla Firefox\\firefox.exe" "--marionette" "-no-remote" "-profile" "C:\\Users\\root\\AppData\\Local\\Temp\\rust_mozprofileCZhk87"
1638310098012	Marionette	INFO	Marionette enabled
console.warn: SearchSettings: "get: No settings file exists, new profile?" (new NotFoundError("Could not open the file at C:\\Users\\root\\AppData\\Local\\Temp\\rust_mozprofileCZhk87\\search.json.mozlz4", (void 0)))
1638310099273	Marionette	INFO	Listening on port 64276
console.warn: TopSitesFeed: Contile endpoint returned unexpected status: 403
1638310099338	RemoteAgent	WARN	TLS certificate errors will be ignored for this session
JavaScript warning: https://static-exp1.licdn.com/sc/h/d614pl7b9aee08f7s1pv8y3ed, line 6355: unreachable code after return statement
JavaScript warning: https://static-exp1.licdn.com/sc/h/b696dqdgwxmi4l1dv4d08ymbv, line 39: unreachable code after return statement
JavaScript warning: https://static-exp1.licdn.com/sc/h/b696dqdgwxmi4l1dv4d08ymbv, line 39: unreachable code after return statement
JavaScript warning: https://static-exp1.licdn.com/sc/h/6po5kyerczpng5q0c7eo3j7d9, line 6: unreachable code after return statement
JavaScript warning: https://static-exp1.licdn.com/sc/h/4meqljc5yd3706gnh7wh3swwo, line 6: unreachable code after return statement
JavaScript warning: https://static-exp1.licdn.com/sc/h/8gfjeprcifjz8fgjqcgi2h22n, line 6: unreachable code after return statement
JavaScript warning: https://static-exp1.licdn.com/sc/h/sefob6rdzawrfq3z7hldh4ub, line 6: unreachable code after return statement
JavaScript warning: https://static-exp1.licdn.com/sc/h/87is5su8127zi40esx96jyvle, line 6: unreachable code after return statement
JavaScript warning: https://static-exp1.licdn.com/sc/h/d614pl7b9aee08f7s1pv8y3ed, line 6355: unreachable code after return statement
JavaScript warning: https://static-exp1.licdn.com/sc/h/b696dqdgwxmi4l1dv4d08ymbv, line 39: unreachable code after return statement
JavaScript warning: https://static-exp1.licdn.com/sc/h/b696dqdgwxmi4l1dv4d08ymbv, line 39: unreachable code after return statement
JavaScript warning: https://static-exp1.licdn.com/sc/h/87is5su8127zi40esx96jyvle, line 6: unreachable code after return statement
JavaScript warning: https://static-exp1.licdn.com/sc/h/4meqljc5yd3706gnh7wh3swwo, line 6: unreachable code after return statement
JavaScript warning: https://static-exp1.licdn.com/sc/h/8gfjeprcifjz8fgjqcgi2h22n, line 6: unreachable code after return statement
JavaScript warning: https://static-exp1.licdn.com/sc/h/9glzfkltml7f3dbdzek5pisz5, line 6: unreachable code after return statement
1638310333220	Marionette	INFO	Stopped listening on port 64276
console.warn: TopSitesFeed: Failed to fetch data from Contile server: NetworkError when attempting to fetch resource.
1638374778777	geckodriver	INFO	Listening on 127.0.0.1:55643
1638374781846	mozrunner::runner	INFO	Running command: "C:\\Program Files\\Mozilla Firefox\\firefox.exe" "--marionette" "-no-remote" "-profile" "C:\\Users\\root\\AppData\\Local\\Temp\\rust_mozprofile536X7M"
1638374782056	Marionette	INFO	Marionette enabled
console.warn: SearchSettings: "get: No settings file exists, new profile?" (new NotFoundError("Could not open the file at C:\\Users\\root\\AppData\\Local\\Temp\\rust_mozprofile536X7M\\search.json.mozlz4", (void 0)))
console.warn: TopSitesFeed: Contile endpoint returned unexpected status: 403
1638374783394	Marionette	INFO	Listening on port 55651
1638374783904	RemoteAgent	WARN	TLS certificate errors will be ignored for this session
JavaScript error: https://static-exp1.licdn.com/sc/h/5sf66o4hccta1hkfokgtt68ob, line 2: Error: GoogleOneTapError display: unknown_reason
JavaScript warning: https://static-exp1.licdn.com/sc/h/d614pl7b9aee08f7s1pv8y3ed, line 6355: unreachable code after return statement
JavaScript warning: https://static-exp1.licdn.com/sc/h/b696dqdgwxmi4l1dv4d08ymbv, line 39: unreachable code after return statement
JavaScript warning: https://static-exp1.licdn.com/sc/h/b696dqdgwxmi4l1dv4d08ymbv, line 39: unreachable code after return statement
JavaScript warning: https://static-exp1.licdn.com/sc/h/6po5kyerczpng5q0c7eo3j7d9, line 6: unreachable code after return statement
JavaScript warning: https://static-exp1.licdn.com/sc/h/4meqljc5yd3706gnh7wh3swwo, line 6: unreachable code after return statement
JavaScript warning: https://static-exp1.licdn.com/sc/h/8gfjeprcifjz8fgjqcgi2h22n, line 6: unreachable code after return statement
JavaScript warning: https://static-exp1.licdn.com/sc/h/sefob6rdzawrfq3z7hldh4ub, line 6: unreachable code after return statement
JavaScript warning: https://static-exp1.licdn.com/sc/h/87is5su8127zi40esx96jyvle, line 6: unreachable code after return statement
1638374806137	Marionette	INFO	Stopped listening on port 55651
console.warn: TopSitesFeed: Failed to fetch data from Contile server: NetworkError when attempting to fetch resource.
1638374986276	geckodriver	INFO	Listening on 127.0.0.1:52986
1638374989352	mozrunner::runner	INFO	Running command: "C:\\Program Files\\Mozilla Firefox\\firefox.exe" "--marionette" "-no-remote" "-profile" "C:\\Users\\root\\AppData\\Local\\Temp\\rust_mozprofilejXkUSh"
1638374989550	Marionette	INFO	Marionette enabled
console.warn: SearchSettings: "get: No settings file exists, new profile?" (new NotFoundError("Could not open the file at C:\\Users\\root\\AppData\\Local\\Temp\\rust_mozprofilejXkUSh\\search.json.mozlz4", (void 0)))
console.warn: TopSitesFeed: Contile endpoint returned unexpected status: 403
1638374990967	Marionette	INFO	Listening on port 52994
1638374991421	RemoteAgent	WARN	TLS certificate errors will be ignored for this session
JavaScript error: https://static-exp1.licdn.com/sc/h/5sf66o4hccta1hkfokgtt68ob, line 2: Error: GoogleOneTapError display: unknown_reason
JavaScript warning: https://static-exp1.licdn.com/sc/h/d614pl7b9aee08f7s1pv8y3ed, line 6355: unreachable code after return statement
JavaScript warning: https://static-exp1.licdn.com/sc/h/b696dqdgwxmi4l1dv4d08ymbv, line 39: unreachable code after return statement
JavaScript warning: https://static-exp1.licdn.com/sc/h/b696dqdgwxmi4l1dv4d08ymbv, line 39: unreachable code after return statement
JavaScript warning: https://static-exp1.licdn.com/sc/h/6po5kyerczpng5q0c7eo3j7d9, line 6: unreachable code after return statement
JavaScript warning: https://static-exp1.licdn.com/sc/h/4meqljc5yd3706gnh7wh3swwo, line 6: unreachable code after return statement
JavaScript warning: https://static-exp1.licdn.com/sc/h/8gfjeprcifjz8fgjqcgi2h22n, line 6: unreachable code after return statement
JavaScript warning: https://static-exp1.licdn.com/sc/h/sefob6rdzawrfq3z7hldh4ub, line 6: unreachable code after return statement
JavaScript warning: https://static-exp1.licdn.com/sc/h/87is5su8127zi40esx96jyvle, line 6: unreachable code after return statement
console.log: WebExtensions: reset-default-search: starting.
console.log: WebExtensions: reset-default-search: No addons in our list are installed.
1638375636204	Marionette	INFO	Stopped listening on port 52994
console.warn: TopSitesFeed: Failed to fetch data from Contile server: NetworkError when attempting to fetch resource.
1638375742010	geckodriver	INFO	Listening on 127.0.0.1:53214
1638375745091	mozrunner::runner	INFO	Running command: "C:\\Program Files\\Mozilla Firefox\\firefox.exe" "--marionette" "-no-remote" "-profile" "C:\\Users\\root\\AppData\\Local\\Temp\\rust_mozprofileJJCSyt"
1638375745292	Marionette	INFO	Marionette enabled
console.warn: SearchSettings: "get: No settings file exists, new profile?" (new NotFoundError("Could not open the file at C:\\Users\\root\\AppData\\Local\\Temp\\rust_mozprofileJJCSyt\\search.json.mozlz4", (void 0)))
1638375746667	Marionette	INFO	Listening on port 53223
console.warn: TopSitesFeed: Contile endpoint returned unexpected status: 403
1638375747163	RemoteAgent	WARN	TLS certificate errors will be ignored for this session
JavaScript error: https://static-exp1.licdn.com/sc/h/6qhvj2y4o6yf90py4820d8sg7, line 1: Error: POST request for /homepage-guest/api/ingraphs/gauge has failed with status code 429
console.log: WebExtensions: reset-default-search: starting.
console.log: WebExtensions: reset-default-search: No addons in our list are installed.
1638377342842	Marionette	INFO	Stopped listening on port 53223
console.warn: TopSitesFeed: Failed to fetch data from Contile server: NetworkError when attempting to fetch resource.
o-remote" "-profile" "C:\\Users\\root\\AppData\\Local\\Temp\\rust_mozprofile9x7KVh"
1638377308587	Marionette	INFO	Marionette enabled
console.warn: SearchSettings: "get: No settings file exists, new profile?" (new NotFoundError("Could not open the file at C:\\Users\\root\\AppData\\Local\\Temp\\rust_mozprofile9x7KVh\\search.json.mozlz4", (void 0)))
console.warn: TopSitesFeed: Contile endpoint returned unexpected status: 403
1638377310114	Marionette	INFO	Listening on port 57308
1638377310446	RemoteAgent	WARN	TLS certificate errors will be ignored for this session
JavaScript error: https://static-exp1.licdn.com/sc/h/6qhvj2y4o6yf90py4820d8sg7, line 1: Error: POST request for /homepage-guest/api/ingraphs/gauge has failed with status code 429
JavaScript warning: https://static-exp1.licdn.com/sc/h/d614pl7b9aee08f7s1pv8y3ed, line 6355: unreachable code after return statement
JavaScript warning: https://static-exp1.licdn.com/sc/h/b696dqdgwxmi4l1dv4d08ymbv, line 39: unreachable code after return statement
JavaScript warning: https://static-exp1.licdn.com/sc/h/b696dqdgwxmi4l1dv4d08ymbv, line 39: unreachable code after return statement
JavaScript warning: https://static-exp1.licdn.com/sc/h/6po5kyerczpng5q0c7eo3j7d9, line 6: unreachable code after return statement
JavaScript warning: https://static-exp1.licdn.com/sc/h/4meqljc5yd3706gnh7wh3swwo, line 6: unreachable code after return statement
JavaScript warning: https://static-exp1.licdn.com/sc/h/8gfjeprcifjz8fgjqcgi2h22n, line 6: unreachable code after return statement
JavaScript warning: https://static-exp1.licdn.com/sc/h/sefob6rdzawrfq3z7hldh4ub, line 6: unreachable code after return statement
JavaScript warning: https://static-exp1.licdn.com/sc/h/87is5su8127zi40esx96jyvle, line 6: unreachable code after return statement
1638377342459	Marionette	INFO	Stopped listening on port 57308
console.warn: TopSitesFeed: Failed to fetch data from Contile server: NetworkError when attempting to fetch resource.
JavaScript error: chrome://remote/content/marionette/cert.js, line 55: NS_ERROR_NOT_AVAILABLE: Component returned failure code: 0x80040111 (NS_ERROR_NOT_AVAILABLE) [nsICertOverrideService.setDisableAllSecurityChecksAndLetAttackersInterceptMyData]
1638377494681	geckodriver	INFO	Listening on 127.0.0.1:65106
1638377497741	mozrunner::runner	INFO	Running command: "C:\\Program Files\\Mozilla Firefox\\firefox.exe" "--marionette" "-no-remote" "-profile" "C:\\Users\\root\\AppData\\Local\\Temp\\rust_mozprofileoIPY97"
1638377497940	Marionette	INFO	Marionette enabled
console.warn: SearchSettings: "get: No settings file exists, new profile?" (new NotFoundError("Could not open the file at C:\\Users\\root\\AppData\\Local\\Temp\\rust_mozprofileoIPY97\\search.json.mozlz4", (void 0)))
console.warn: TopSitesFeed: Contile endpoint returned unexpected status: 403
1638377499390	Marionette	INFO	Listening on port 65114
1638377499809	RemoteAgent	WARN	TLS certificate errors will be ignored for this session
JavaScript warning: https://static-exp1.licdn.com/sc/h/d614pl7b9aee08f7s1pv8y3ed, line 6355: unreachable code after return statement
JavaScript warning: https://static-exp1.licdn.com/sc/h/b696dqdgwxmi4l1dv4d08ymbv, line 39: unreachable code after return statement
JavaScript warning: https://static-exp1.licdn.com/sc/h/b696dqdgwxmi4l1dv4d08ymbv, line 39: unreachable code after return statement
JavaScript warning: https://static-exp1.licdn.com/sc/h/6po5kyerczpng5q0c7eo3j7d9, line 6: unreachable code after return statement
JavaScript warning: https://static-exp1.licdn.com/sc/h/4meqljc5yd3706gnh7wh3swwo, line 6: unreachable code after return statement
JavaScript warning: https://static-exp1.licdn.com/sc/h/8gfjeprcifjz8fgjqcgi2h22n, line 6: unreachable code after return statement
JavaScript warning: https://static-exp1.licdn.com/sc/h/sefob6rdzawrfq3z7hldh4ub, line 6: unreachable code after return statement
JavaScript warning: https://static-exp1.licdn.com/sc/h/87is5su8127zi40esx96jyvle, line 6: unreachable code after return statement
console.log: WebExtensions: reset-default-search: starting.
console.log: WebExtensions: reset-default-search: No addons in our list are installed.
1638378715301	Marionette	INFO	Stopped listening on port 65114
console.warn: TopSitesFeed: Failed to fetch data from Contile server: NetworkError when attempting to fetch resource.
JavaScript error: chrome://remote/content/marionette/cert.js, line 55: NS_ERROR_NOT_AVAILABLE: Component returned failure code: 0x80040111 (NS_ERROR_NOT_AVAILABLE) [nsICertOverrideService.setDisableAllSecurityChecksAndLetAttackersInterceptMyData]
1638378727885	geckodriver	INFO	Listening on 127.0.0.1:53437
1638378730969	mozrunner::runner	INFO	Running command: "C:\\Program Files\\Mozilla Firefox\\firefox.exe" "--marionette" "-no-remote" "-profile" "C:\\Users\\root\\AppData\\Local\\Temp\\rust_mozprofilehZIEeZ"
1638378731168	Marionette	INFO	Marionette enabled
console.warn: SearchSettings: "get: No settings file exists, new profile?" (new NotFoundError("Could not open the file at C:\\Users\\root\\AppData\\Local\\Temp\\rust_mozprofilehZIEeZ\\search.json.mozlz4", (void 0)))
1638378732500	Marionette	INFO	Listening on port 53445
console.warn: TopSitesFeed: Contile endpoint returned unexpected status: 403
1638378732525	RemoteAgent	WARN	TLS certificate errors will be ignored for this session
JavaScript error: https://static-exp1.licdn.com/sc/h/6qhvj2y4o6yf90py4820d8sg7, line 1: Error: POST request for /homepage-guest/api/ingraphs/counter has failed with status code 429
JavaScript warning: https://static-exp1.licdn.com/sc/h/d614pl7b9aee08f7s1pv8y3ed, line 6355: unreachable code after return statement
JavaScript warning: https://static-exp1.licdn.com/sc/h/b696dqdgwxmi4l1dv4d08ymbv, line 39: unreachable code after return statement
JavaScript warning: https://static-exp1.licdn.com/sc/h/b696dqdgwxmi4l1dv4d08ymbv, line 39: unreachable code after return statement
JavaScript warning: https://static-exp1.licdn.com/sc/h/6po5kyerczpng5q0c7eo3j7d9, line 6: unreachable code after return statement
JavaScript warning: https://static-exp1.licdn.com/sc/h/4meqljc5yd3706gnh7wh3swwo, line 6: unreachable code after return statement
JavaScript warning: https://static-exp1.licdn.com/sc/h/8gfjeprcifjz8fgjqcgi2h22n, line 6: unreachable code after return statement
JavaScript warning: https://static-exp1.licdn.com/sc/h/sefob6rdzawrfq3z7hldh4ub, line 6: unreachable code after return statement
JavaScript warning: https://static-exp1.licdn.com/sc/h/87is5su8127zi40esx96jyvle, line 6: unreachable code after return statement
JavaScript warning: https://static-exp1.licdn.com/sc/h/d614pl7b9aee08f7s1pv8y3ed, line 6355: unreachable code after return statement
JavaScript warning: https://static-exp1.licdn.com/sc/h/b696dqdgwxmi4l1dv4d08ymbv, line 39: unreachable code after return statement
JavaScript warning: https://static-exp1.licdn.com/sc/h/b696dqdgwxmi4l1dv4d08ymbv, line 39: unreachable code after return statement
JavaScript warning: https://static-exp1.licdn.com/sc/h/87is5su8127zi40esx96jyvle, line 6: unreachable code after return statement
JavaScript warning: https://static-exp1.licdn.com/sc/h/4meqljc5yd3706gnh7wh3swwo, line 6: unreachable code after return statement
JavaScript warning: https://static-exp1.licdn.com/sc/h/8gfjeprcifjz8fgjqcgi2h22n, line 6: unreachable code after return statement
JavaScript warning: https://static-exp1.licdn.com/sc/h/9glzfkltml7f3dbdzek5pisz5, line 6: unreachable code after return statement
JavaScript warning: https://static-exp1.licdn.com/sc/h/4meqljc5yd3706gnh7wh3swwo, line 6: unreachable code after return statement
JavaScript warning: https://static-exp1.licdn.com/sc/h/8gfjeprcifjz8fgjqcgi2h22n, line 6: unreachable code after return statement
JavaScript error: resource://devtools/server/actors/network-monitor/network-event-actor.js, line 110: Error: Got a request https://static-exp1.licdn.com/sc/h/dm15d9noplld9lzbmi8alykex without a browsingContextID set
JavaScript error: resource://devtools/server/actors/network-monitor/network-event-actor.js, line 110: Error: Got a request https://static-exp1.licdn.com/sc/h/8w4kpx7r8bsn6s7jor1u07lu0 without a browsingContextID set
JavaScript error: resource://devtools/server/actors/network-monitor/network-event-actor.js, line 110: Error: Got a request https://static-exp1.licdn.com/sc/h/ea3veem29aea2vulkggtkk7qf without a browsingContextID set
JavaScript error: resource://devtools/server/actors/network-monitor/network-event-actor.js, line 110: Error: Got a request https://static-exp1.licdn.com/sc/h/ea3veem29aea2vulkggtkk7qf without a browsingContextID set
console.log: WebExtensions: reset-default-search: starting.
console.log: WebExtensions: reset-default-search: No addons in our list are installed.
1638381804695	Marionette	INFO	Stopped listening on port 53445
8379435107	mozrunner::runner	INFO	Running command: "C:\\Program Files\\Mozilla Firefox\\firefox.exe" "--marionette" "-no-remote" "-profile" "C:\\Users\\root\\AppData\\Local\\Temp\\rust_mozprofilefgZ4Sy"
1638379435308	Marionette	INFO	Marionette enabled
console.warn: SearchSettings: "get: No settings file exists, new profile?" (new NotFoundError("Could not open the file at C:\\Users\\root\\AppData\\Local\\Temp\\rust_mozprofilefgZ4Sy\\search.json.mozlz4", (void 0)))
console.warn: TopSitesFeed: Contile endpoint returned unexpected status: 403
1638379436755	Marionette	INFO	Listening on port 52860
1638379437167	RemoteAgent	WARN	TLS certificate errors will be ignored for this session
JavaScript error: https://static-exp1.licdn.com/sc/h/5sf66o4hccta1hkfokgtt68ob, line 2: Error: GoogleOneTapError display: unknown_reason
JavaScript warning: https://static-exp1.licdn.com/sc/h/d614pl7b9aee08f7s1pv8y3ed, line 6355: unreachable code after return statement
JavaScript warning: https://static-exp1.licdn.com/sc/h/b696dqdgwxmi4l1dv4d08ymbv, line 39: unreachable code after return statement
JavaScript warning: https://static-exp1.licdn.com/sc/h/b696dqdgwxmi4l1dv4d08ymbv, line 39: unreachable code after return statement
JavaScript warning: https://static-exp1.licdn.com/sc/h/6po5kyerczpng5q0c7eo3j7d9, line 6: unreachable code after return statement
JavaScript warning: https://static-exp1.licdn.com/sc/h/4meqljc5yd3706gnh7wh3swwo, line 6: unreachable code after return statement
JavaScript warning: https://static-exp1.licdn.com/sc/h/8gfjeprcifjz8fgjqcgi2h22n, line 6: unreachable code after return statement
JavaScript warning: https://static-exp1.licdn.com/sc/h/sefob6rdzawrfq3z7hldh4ub, line 6: unreachable code after return statement
JavaScript warning: https://static-exp1.licdn.com/sc/h/87is5su8127zi40esx96jyvle, line 6: unreachable code after return statement
console.log: WebExtensions: reset-default-search: starting.
console.log: WebExtensions: reset-default-search: No addons in our list are installed.
1638381804164	Marionette	INFO	Stopped listening on port 52860
console.warn: TopSitesFeed: Failed to fetch data from Contile server: NetworkError when attempting to fetch resource.

###!!! [Parent][RunMessage] Error: Channel closing: too late to send/recv, messages will be lost

e at C:\\Users\\root\\AppData\\Local\\Temp\\rust_mozprofileJTlmCo\\search.json.mozlz4", (void 0)))
console.warn: TopSitesFeed: Contile endpoint returned unexpected status: 403
1638379570865	Marionette	INFO	Listening on port 52998
1638379571282	RemoteAgent	WARN	TLS certificate errors will be ignored for this session
JavaScript warning: https://static-exp1.licdn.com/sc/h/d614pl7b9aee08f7s1pv8y3ed, line 6355: unreachable code after return statement
JavaScript warning: https://static-exp1.licdn.com/sc/h/b696dqdgwxmi4l1dv4d08ymbv, line 39: unreachable code after return statement
JavaScript warning: https://static-exp1.licdn.com/sc/h/b696dqdgwxmi4l1dv4d08ymbv, line 39: unreachable code after return statement
JavaScript warning: https://static-exp1.licdn.com/sc/h/6po5kyerczpng5q0c7eo3j7d9, line 6: unreachable code after return statement
JavaScript warning: https://static-exp1.licdn.com/sc/h/4meqljc5yd3706gnh7wh3swwo, line 6: unreachable code after return statement
JavaScript warning: https://static-exp1.licdn.com/sc/h/8gfjeprcifjz8fgjqcgi2h22n, line 6: unreachable code after return statement
JavaScript warning: https://static-exp1.licdn.com/sc/h/sefob6rdzawrfq3z7hldh4ub, line 6: unreachable code after return statement
JavaScript warning: https://static-exp1.licdn.com/sc/h/87is5su8127zi40esx96jyvle, line 6: unreachable code after return statement
console.log: WebExtensions: reset-default-search: starting.
console.log: WebExtensions: reset-default-search: No addons in our list are installed.
1638380747348	Marionette	INFO	Stopped listening on port 52998
console.warn: TopSitesFeed: Failed to fetch data from Contile server: NetworkError when attempting to fetch resource.
o-remote" "-profile" "C:\\Users\\root\\AppData\\Local\\Temp\\rust_mozprofileV3mpEQ"
1638380426309	Marionette	INFO	Marionette enabled
console.warn: SearchSettings: "get: No settings file exists, new profile?" (new NotFoundError("Could not open the file at C:\\Users\\root\\AppData\\Local\\Temp\\rust_mozprofileV3mpEQ\\search.json.mozlz4", (void 0)))
console.warn: TopSitesFeed: Contile endpoint returned unexpected status: 403
1638380427862	Marionette	INFO	Listening on port 58101
1638380428153	RemoteAgent	WARN	TLS certificate errors will be ignored for this session
JavaScript warning: https://static-exp1.licdn.com/sc/h/20oldnhklhzz1f88661e0volz, line 88: WEBGL_debug_renderer_info is deprecated in Firefox and will be removed. Please use RENDERER.
1638380483394	Marionette	INFO	Stopped listening on port 58101
console.warn: TopSitesFeed: Failed to fetch data from Contile server: NetworkError when attempting to fetch resource.
1638380492132	geckodriver	INFO	Listening on 127.0.0.1:58203
1638380495200	mozrunner::runner	INFO	Running command: "C:\\Program Files\\Mozilla Firefox\\firefox.exe" "--marionette" "-no-remote" "-profile" "C:\\Users\\root\\AppData\\Local\\Temp\\rust_mozprofilefMvSH7"
1638380495411	Marionette	INFO	Marionette enabled
console.warn: SearchSettings: "get: No settings file exists, new profile?" (new NotFoundError("Could not open the file at C:\\Users\\root\\AppData\\Local\\Temp\\rust_mozprofilefMvSH7\\search.json.mozlz4", (void 0)))
console.warn: TopSitesFeed: Contile endpoint returned unexpected status: 403
1638380496932	Marionette	INFO	Listening on port 58211
1638380497248	RemoteAgent	WARN	TLS certificate errors will be ignored for this session
1638380540073	Marionette	INFO	Stopped listening on port 58211
console.warn: TopSitesFeed: Failed to fetch data from Contile server: NetworkError when attempting to fetch resource.

###!!! [Parent][RunMessage] Error: Channel closing: too late to send/recv, messages will be lost

1638380549850	geckodriver	INFO	Listening on 127.0.0.1:58302
1638380552919	mozrunner::runner	INFO	Running command: "C:\\Program Files\\Mozilla Firefox\\firefox.exe" "--marionette" "-no-remote" "-profile" "C:\\Users\\root\\AppData\\Local\\Temp\\rust_mozprofileTyHUjd"
1638380553135	Marionette	INFO	Marionette enabled
console.warn: SearchSettings: "get: No settings file exists, new profile?" (new NotFoundError("Could not open the file at C:\\Users\\root\\AppData\\Local\\Temp\\rust_mozprofileTyHUjd\\search.json.mozlz4", (void 0)))
1638380554549	Marionette	INFO	Listening on port 58310
console.warn: TopSitesFeed: Contile endpoint returned unexpected status: 403
1638380554990	RemoteAgent	WARN	TLS certificate errors will be ignored for this session
JavaScript error: https://static-exp1.licdn.com/sc/h/6qhvj2y4o6yf90py4820d8sg7, line 1: Error: POST request for /homepage-guest/api/ingraphs/gauge has failed with status code 429
JavaScript warning: https://static-exp1.licdn.com/sc/h/d614pl7b9aee08f7s1pv8y3ed, line 6355: unreachable code after return statement
JavaScript warning: https://static-exp1.licdn.com/sc/h/b696dqdgwxmi4l1dv4d08ymbv, line 39: unreachable code after return statement
JavaScript warning: https://static-exp1.licdn.com/sc/h/b696dqdgwxmi4l1dv4d08ymbv, line 39: unreachable code after return statement
JavaScript warning: https://static-exp1.licdn.com/sc/h/6po5kyerczpng5q0c7eo3j7d9, line 6: unreachable code after return statement
JavaScript warning: https://static-exp1.licdn.com/sc/h/4meqljc5yd3706gnh7wh3swwo, line 6: unreachable code after return statement
JavaScript warning: https://static-exp1.licdn.com/sc/h/8gfjeprcifjz8fgjqcgi2h22n, line 6: unreachable code after return statement
JavaScript warning: https://static-exp1.licdn.com/sc/h/sefob6rdzawrfq3z7hldh4ub, line 6: unreachable code after return statement
JavaScript warning: https://static-exp1.licdn.com/sc/h/87is5su8127zi40esx96jyvle, line 6: unreachable code after return statement
JavaScript warning: https://static-exp1.licdn.com/sc/h/d614pl7b9aee08f7s1pv8y3ed, line 6355: unreachable code after return statement
JavaScript warning: https://static-exp1.licdn.com/sc/h/b696dqdgwxmi4l1dv4d08ymbv, line 39: unreachable code after return statement
JavaScript warning: https://static-exp1.licdn.com/sc/h/b696dqdgwxmi4l1dv4d08ymbv, line 39: unreachable code after return statement
JavaScript warning: https://static-exp1.licdn.com/sc/h/87is5su8127zi40esx96jyvle, line 6: unreachable code after return statement
JavaScript warning: https://static-exp1.licdn.com/sc/h/4meqljc5yd3706gnh7wh3swwo, line 6: unreachable code after return statement
JavaScript warning: https://static-exp1.licdn.com/sc/h/8gfjeprcifjz8fgjqcgi2h22n, line 6: unreachable code after return statement
JavaScript warning: https://static-exp1.licdn.com/sc/h/9glzfkltml7f3dbdzek5pisz5, line 6: unreachable code after return statement
1638380744306	Marionette	INFO	Stopped listening on port 58310
console.warn: TopSitesFeed: Failed to fetch data from Contile server: NetworkError when attempting to fetch resource.
JavaScript error: chrome://remote/content/marionette/cert.js, line 55: NS_ERROR_NOT_AVAILABLE: Component returned failure code: 0x80040111 (NS_ERROR_NOT_AVAILABLE) [nsICertOverrideService.setDisableAllSecurityChecksAndLetAttackersInterceptMyData]
1638381816604	geckodriver	INFO	Listening on 127.0.0.1:49778
1638381819680	mozrunner::runner	INFO	Running command: "C:\\Program Files\\Mozilla Firefox\\firefox.exe" "--marionette" "-no-remote" "-profile" "C:\\Users\\root\\AppData\\Local\\Temp\\rust_mozprofile7GWFPo"
1638381819879	Marionette	INFO	Marionette enabled
console.warn: SearchSettings: "get: No settings file exists, new profile?" (new NotFoundError("Could not open the file at C:\\Users\\root\\AppData\\Local\\Temp\\rust_mozprofile7GWFPo\\search.json.mozlz4", (void 0)))
console.warn: TopSitesFeed: Contile endpoint returned unexpected status: 403
1638381821156	Marionette	INFO	Listening on port 49787
1638381821235	RemoteAgent	WARN	TLS certificate errors will be ignored for this session
JavaScript error: https://static-exp1.licdn.com/sc/h/6qhvj2y4o6yf90py4820d8sg7, line 1: Error: POST request for /homepage-guest/api/ingraphs/gauge has failed with status code 429
JavaScript error: https://static-exp1.licdn.com/sc/h/6qhvj2y4o6yf90py4820d8sg7, line 1: Error: POST request for /homepage-guest/api/ingraphs/counter has failed with status code 429
1638381858863	Marionette	INFO	Stopped listening on port 49787
console.warn: TopSitesFeed: Failed to fetch data from Contile server: NetworkError when attempting to fetch resource.
JavaScript error: chrome://remote/content/marionette/cert.js, line 55: NS_ERROR_NOT_AVAILABLE: Component returned failure code: 0x80040111 (NS_ERROR_NOT_AVAILABLE) [nsICertOverrideService.setDisableAllSecurityChecksAndLetAttackersInterceptMyData]

###!!! [Parent][RunMessage] Error: Channel closing: too late to send/recv, messages will be lost

1638381895548	geckodriver	INFO	Listening on 127.0.0.1:49872
1638381898603	mozrunner::runner	INFO	Running command: "C:\\Program Files\\Mozilla Firefox\\firefox.exe" "--marionette" "-no-remote" "-profile" "C:\\Users\\root\\AppData\\Local\\Temp\\rust_mozprofilenipNGF"
1638381898804	Marionette	INFO	Marionette enabled
console.warn: SearchSettings: "get: No settings file exists, new profile?" (new NotFoundError("Could not open the file at C:\\Users\\root\\AppData\\Local\\Temp\\rust_mozprofilenipNGF\\search.json.mozlz4", (void 0)))
console.warn: TopSitesFeed: Contile endpoint returned unexpected status: 403
1638381900045	Marionette	INFO	Listening on port 49880
1638381900162	RemoteAgent	WARN	TLS certificate errors will be ignored for this session
1638382002361	Marionette	INFO	Stopped listening on port 49880
console.warn: TopSitesFeed: Failed to fetch data from Contile server: NetworkError when attempting to fetch resource.

###!!! [Parent][RunMessage] Error: Channel closing: too late to send/recv, messages will be lost

1638382010253	geckodriver	INFO	Listening on 127.0.0.1:49289
1638382013330	mozrunner::runner	INFO	Running command: "C:\\Program Files\\Mozilla Firefox\\firefox.exe" "--marionette" "-no-remote" "-profile" "C:\\Users\\root\\AppData\\Local\\Temp\\rust_mozprofileLDaeUt"
1638382013530	Marionette	INFO	Marionette enabled
console.warn: SearchSettings: "get: No settings file exists, new profile?" (new NotFoundError("Could not open the file at C:\\Users\\root\\AppData\\Local\\Temp\\rust_mozprofileLDaeUt\\search.json.mozlz4", (void 0)))
console.warn: TopSitesFeed: Contile endpoint returned unexpected status: 403
1638382014929	Marionette	INFO	Listening on port 49297
1638382015390	RemoteAgent	WARN	TLS certificate errors will be ignored for this session
console.log: WebExtensions: reset-default-search: starting.
console.log: WebExtensions: reset-default-search: No addons in our list are installed.
1638392728906	Marionette	INFO	Stopped listening on port 49297
console.warn: TopSitesFeed: Failed to fetch data from Contile server: NetworkError when attempting to fetch resource.
earchSettings: "get: No settings file exists, new profile?" (new NotFoundError("Could not open the file at C:\\Users\\root\\AppData\\Local\\Temp\\rust_mozprofileL5zmMt\\search.json.mozlz4", (void 0)))
console.warn: TopSitesFeed: Contile endpoint returned unexpected status: 403
1638382159884	Marionette	INFO	Listening on port 49406
1638382159913	RemoteAgent	WARN	TLS certificate errors will be ignored for this session
JavaScript error: https://static-exp1.licdn.com/sc/h/6qhvj2y4o6yf90py4820d8sg7, line 1: Error: POST request for /homepage-guest/api/ingraphs/gauge has failed with status code 429
1638382305481	Marionette	INFO	Stopped listening on port 49406
console.warn: TopSitesFeed: Failed to fetch data from Contile server: NetworkError when attempting to fetch resource.
JavaScript error: chrome://remote/content/marionette/cert.js, line 55: NS_ERROR_NOT_AVAILABLE: Component returned failure code: 0x80040111 (NS_ERROR_NOT_AVAILABLE) [nsICertOverrideService.setDisableAllSecurityChecksAndLetAttackersInterceptMyData]

###!!! [Parent][RunMessage] Error: Channel closing: too late to send/recv, messages will be lost

1638382326671	geckodriver	INFO	Listening on 127.0.0.1:59918
1638382329757	mozrunner::runner	INFO	Running command: "C:\\Program Files\\Mozilla Firefox\\firefox.exe" "--marionette" "-no-remote" "-profile" "C:\\Users\\root\\AppData\\Local\\Temp\\rust_mozprofilejj6EkB"
1638382329957	Marionette	INFO	Marionette enabled
console.warn: SearchSettings: "get: No settings file exists, new profile?" (new NotFoundError("Could not open the file at C:\\Users\\root\\AppData\\Local\\Temp\\rust_mozprofilejj6EkB\\search.json.mozlz4", (void 0)))
console.warn: TopSitesFeed: Contile endpoint returned unexpected status: 403
1638382331238	Marionette	INFO	Listening on port 59927
1638382331323	RemoteAgent	WARN	TLS certificate errors will be ignored for this session
JavaScript error: https://static-exp1.licdn.com/sc/h/6qhvj2y4o6yf90py4820d8sg7, line 1: Error: POST request for /homepage-guest/api/ingraphs/gauge has failed with status code 429
JavaScript warning: https://static-exp1.licdn.com/sc/h/d614pl7b9aee08f7s1pv8y3ed, line 6355: unreachable code after return statement
JavaScript warning: https://static-exp1.licdn.com/sc/h/b696dqdgwxmi4l1dv4d08ymbv, line 39: unreachable code after return statement
JavaScript warning: https://static-exp1.licdn.com/sc/h/b696dqdgwxmi4l1dv4d08ymbv, line 39: unreachable code after return statement
JavaScript warning: https://static-exp1.licdn.com/sc/h/6po5kyerczpng5q0c7eo3j7d9, line 6: unreachable code after return statement
JavaScript warning: https://static-exp1.licdn.com/sc/h/4meqljc5yd3706gnh7wh3swwo, line 6: unreachable code after return statement
JavaScript warning: https://static-exp1.licdn.com/sc/h/8gfjeprcifjz8fgjqcgi2h22n, line 6: unreachable code after return statement
JavaScript warning: https://static-exp1.licdn.com/sc/h/sefob6rdzawrfq3z7hldh4ub, line 6: unreachable code after return statement
JavaScript warning: https://static-exp1.licdn.com/sc/h/87is5su8127zi40esx96jyvle, line 6: unreachable code after return statement
console.log: WebExtensions: reset-default-search: starting.
console.log: WebExtensions: reset-default-search: No addons in our list are installed.
1638391097197	Marionette	INFO	Stopped listening on port 59927
console.warn: TopSitesFeed: Failed to fetch data from Contile server: NetworkError when attempting to fetch resource.
JavaScript error: chrome://remote/content/marionette/cert.js, line 55: NS_ERROR_NOT_AVAILABLE: Component returned failure code: 0x80040111 (NS_ERROR_NOT_AVAILABLE) [nsICertOverrideService.setDisableAllSecurityChecksAndLetAttackersInterceptMyData]
